[2025-02-19 11:09:30,146][__main__][INFO] - Found GPU with device_name NVIDIA GeForce RTX 4070. Will run RFdiffusion on NVIDIA GeForce RTX 4070
[2025-02-19 11:09:30,147][rfdiffusion.inference.model_runners][INFO] - Reading checkpoint from /mnt/c/Users/user/Desktop/FinalProject/RFdiffusion/rfdiffusion/inference/../../models/Base_ckpt.pt
[2025-02-19 11:09:34,197][rfdiffusion.inference.model_runners][INFO] - Loading checkpoint.
[2025-02-19 11:09:34,318][rfdiffusion.diffusion][INFO] - Using cached IGSO3.
[2025-02-19 11:09:34,351][__main__][INFO] - Making design test_outputs/test_0
[2025-02-19 11:09:34,356][rfdiffusion.inference.model_runners][INFO] - Using contig: ['150-150']
[2025-02-19 11:09:34,373][rfdiffusion.inference.model_runners][INFO] - Sequence init: ------------------------------------------------------------------------------------------------------------------------------------------------------
[2025-02-19 11:09:36,024][rfdiffusion.inference.model_runners][INFO] - Timestep 50, input to next step: ------------------------------------------------------------------------------------------------------------------------------------------------------
[2025-02-19 11:09:36,634][rfdiffusion.inference.model_runners][INFO] - Timestep 49, input to next step: ------------------------------------------------------------------------------------------------------------------------------------------------------
[2025-02-19 11:09:37,201][rfdiffusion.inference.model_runners][INFO] - Timestep 48, input to next step: ------------------------------------------------------------------------------------------------------------------------------------------------------
[2025-02-19 11:09:37,777][rfdiffusion.inference.model_runners][INFO] - Timestep 47, input to next step: ------------------------------------------------------------------------------------------------------------------------------------------------------
[2025-02-19 11:09:38,370][rfdiffusion.inference.model_runners][INFO] - Timestep 46, input to next step: ------------------------------------------------------------------------------------------------------------------------------------------------------
[2025-02-19 11:09:38,984][rfdiffusion.inference.model_runners][INFO] - Timestep 45, input to next step: ------------------------------------------------------------------------------------------------------------------------------------------------------
[2025-02-19 11:09:39,597][rfdiffusion.inference.model_runners][INFO] - Timestep 44, input to next step: ------------------------------------------------------------------------------------------------------------------------------------------------------
[2025-02-19 11:09:40,182][rfdiffusion.inference.model_runners][INFO] - Timestep 43, input to next step: ------------------------------------------------------------------------------------------------------------------------------------------------------
[2025-02-19 11:09:40,787][rfdiffusion.inference.model_runners][INFO] - Timestep 42, input to next step: ------------------------------------------------------------------------------------------------------------------------------------------------------
[2025-02-19 11:09:41,370][rfdiffusion.inference.model_runners][INFO] - Timestep 41, input to next step: ------------------------------------------------------------------------------------------------------------------------------------------------------
[2025-02-19 11:09:41,947][rfdiffusion.inference.model_runners][INFO] - Timestep 40, input to next step: ------------------------------------------------------------------------------------------------------------------------------------------------------
[2025-02-19 11:09:42,530][rfdiffusion.inference.model_runners][INFO] - Timestep 39, input to next step: ------------------------------------------------------------------------------------------------------------------------------------------------------
[2025-02-19 11:09:43,100][rfdiffusion.inference.model_runners][INFO] - Timestep 38, input to next step: ------------------------------------------------------------------------------------------------------------------------------------------------------
[2025-02-19 11:09:43,683][rfdiffusion.inference.model_runners][INFO] - Timestep 37, input to next step: ------------------------------------------------------------------------------------------------------------------------------------------------------
[2025-02-19 11:09:44,264][rfdiffusion.inference.model_runners][INFO] - Timestep 36, input to next step: ------------------------------------------------------------------------------------------------------------------------------------------------------
