BLASTP 2.12.0+


Reference: Stephen F. Altschul, Thomas L. Madden, Alejandro A.
Schaffer, Jinghui Zhang, Zheng Zhang, Webb Miller, and David J.
Lipman (1997), "Gapped BLAST and PSI-BLAST: a new generation of
protein database search programs", Nucleic Acids Res. 25:3389-3402.


Reference for composition-based statistics: Alejandro A. Schaffer,
L. Aravind, Thomas L. Madden, Sergei Shavirin, John L. Spouge, Yuri
I. Wolf, Eugene V. Koonin, and Stephen F. Altschul (2001),
"Improving the accuracy of PSI-BLAST protein database searches with
composition-based statistics and other refinements", Nucleic Acids
Res. 29:2994-3005.



Database: 90_ref
           142,201 sequences; 70,279,549 total letters



Query= 1ZIMMDM2

Length=96
                                                                      Score     E
Sequences producing significant alignments:                          (Bits)  Value

P03069                                                                68.2    2e-14
Q8HXZ8                                                                36.2    0.007
Q8HXZ7                                                                33.9    0.042
Q54VQ7                                                                33.9    0.045
P02469                                                                33.9    0.048
Q95LC6                                                                33.1    0.067
Q9LV52                                                                33.1    0.083
Q9NNX6                                                                32.7    0.091
Q95J96                                                                32.3    0.14 
Q924W6                                                                32.0    0.25 
Q90850                                                                31.6    0.25 
Q09YI1                                                                31.2    0.38 
O15016                                                                31.2    0.42 
Q872U8                                                                31.2    0.43 
Q8IWZ3                                                                30.8    0.50 
Q16363                                                                30.8    0.56 
Q5AMN3                                                                30.8    0.60 
Q2QLA2                                                                30.8    0.60 
Q10PC5                                                                30.4    0.63 
Q2IBE6                                                                30.4    0.65 
Q4I877                                                                30.4    0.65 
Q07E15                                                                30.4    0.73 
Q2IBF7                                                                30.4    0.75 
Q8WZ74                                                                30.4    0.76 
P27420                                                                30.0    1.0  
Q08204                                                                30.0    1.0  
P34402                                                                29.6    1.3  
Q6PBE2                                                                29.3    1.4  
Q60675                                                                29.6    1.5  
Q9BRK4                                                                29.3    2.1  
Q0DV28                                                                29.3    2.1  
Q5R9C9                                                                28.9    2.3  
P17544                                                                28.9    2.5  
Q8R0S1                                                                28.9    2.5  
B3N018                                                                28.9    2.7  
Q90980                                                                28.9    2.8  
P19208                                                                28.5    2.9  
Q91YU6                                                                28.5    3.2  
Q92355                                                                28.5    3.4  
P52909                                                                28.5    3.6  
P15066                                                                28.5    3.6  
Q640U7                                                                28.5    3.9  
Q12180                                                                28.1    4.1  
P0CD63                                                                28.1    4.2  
P42567                                                                28.1    4.2  
Q9D666                                                                28.1    4.3  
Q16281                                                                28.1    4.4  
E2R1I5                                                                28.1    4.5  
Q3LUD4                                                                28.1    4.6  
Q8BK62                                                                28.1    4.6  
P24043                                                                28.1    4.8  
Q3S4T7                                                                28.1    4.8  
Q8IS11                                                                28.1    4.9  
Q5BDI1                                                                28.1    5.1  
Q8JHV6                                                                28.1    5.2  
Q9C768                                                                27.7    5.3  
Q54K38                                                                27.7    6.1  
O74689                                                                27.7    7.0  
A3LN86                                                                27.7    7.0  
Q9UFE4                                                                27.3    7.8  
A5PKL7                                                                27.3    8.8  
B0F9L4                                                                27.3    8.8  
Q5ZJC7                                                                27.3    8.9  
Q9SHJ6                                                                27.3    9.1  
O43909                                                                27.3    9.4  
Q9WVL6                                                                27.3    9.6  
Q08641                                                                27.3    9.8  



Query_1  1     RMKQLEDKVE---ELL--SKQY-H-----------L----E-N-E------VA--R----  25
76006    242                                                       S--R----  243
76006    249   RMKQLEDKVE---ELL--SKNY-H-----------L----E-N-E------VA--R----  273
1602     104    LTQLKAAVG---ELPEKSKQQ-E-----------I----Y-Q-E------LS--Q----  129
1602     150    LSQLKAAVG---ELPEKSKQQ-E-----------I----Y-Q-E------LT--R----  175
107415   164                     SKMQ-E-----------I----Y-Q-E------LT--R----  175
107415   104    LTQLKAAVG---ELPEKSKQQ-E-----------I----Y-Q-E------LT--R----  129
107415   187                     SKQQ-E-----------I----Y-Q-E------LT--R----  198
90850    958       ISDKEK---ETK--SQQA-T-----------L----E-N-E------IY--A----  978
51534    1700         KVE---SLI--AQKT-EESADARRKAELL----Q-N-E------AK--T----  1728
51534    1647  RISKLERNVE---ELK--RKAA-Q-----------N----S-G-E------AE--Y----  1671
42590    81     LTQLKVAVS---ELSEKSKQQ-E-----------I----Y-Q-E------LT--R----  106
82200    91             E---HFL--RGQK-H-----------L----L-N-N------IA--R----  106
1584     164                     SKMQ-E-----------I----Y-Q-E------LT--R----  175
1584     104    LTQLKAAVG---ELPEKSKLQ-E-----------I----Y-Q-E------LT--R----  129
1584     187                     SKQQ-E-----------I----Y-Q-E------LT--R----  198
140449   81     LTQLKVAVS---ELSEKSKQQ-E-----------I----Y-Q-E------LT--R----  106
35153    101           VE---EVL--QNQR-M-----------LLESVT-S-Q------VA--H----  121
35153    131     KQIEDRIF---EVK--HQHR-K-----------V----E-N-Q------IK--M----  153
98101    594                                             D-S------VY--A----  598
98101    611        QEKAA---ELL--SHTS-H-----------F----L-S-DPKAMESLY--P----  636
107165   191   KLEEVMAKLE---EEK--KKTS-A-----------L----E-E-E------LA--T----  215
107165   154     KKLAARLE---EER--GKNK-HVVLM-------L----V-K-E------CK--Q----  180
23477    101           VE---EVL--QNQR-M-----------LLEGVT-T-Q------VA--H----  121
23477    131     KQIEDRIF---EVK--HQHR-K-----------V----E-N-Q------IK--M----  153
37822    1                                                        MA--R----  3
37822    20                 ELL--RRKF-L-----------R----Q-NRD------IA--R----  35
100531   779    VEETEGKLN---ELG--QRIS-A-----------I----E-KAQ------LK--S----  803
62095    346    MKSLLSDVE---ELV--EK--------------------E-N-Q------AS--R----  365
77874    691      QINSKNE---TIT--QQQK-E-----------M----E-H-M------KL--K----  712
88431    154     KKLASRLE---EER--GKNK-HVVLM-------L----V-K-E------CK--Q----  180
35165    630   KCKEAEAKLF---QKL--ADD--------------A----R-K-E------VD--S----  652
140276   154     KKLAARLE---EER--GKNK-QVVLM-------L----V-K-E------CK--Q----  180
76379    16        LEDTLG---WYK--SQYE-Q-----------L----E-S-E------LA--E----  36
107161   154     KQLAARLE---EER--GKNK-HVVLM-------L----V-K-E------CK--Q----  180
139109   154     KKLAARLE---EER--GKNK-QVVLM-------L----V-K-E------CK--Q----  180
118070   154     KKLAARLE---EER--GKNK-QVVLM-------L----V-K-E------CK--Q----  180
89226    558     KKVKDKAEARNELE--SYAY-N-----------L----K-N-Q------IE--D----  583
13624    352     RQLEEKIS---EVN--NFKK-E-----------L----I-E-E------FK--K----  374
13624    399            E---KLK--RDQR-D-----------L----E-R-D------QK--I----  414
54818    1670  RAESLEEFIK---GLV--QDAE-A-----------I----N-E-K------AV--Q----  1694
127238   402     RQLQDDFA---QLL--QERE-Q-----------L----E-R-R------CA--T----  424
58494    580     KQLSRTTE---EFA--SQIS-S-----------L----E-E-R------IA--D----  602
129245   335                      RQR-F-----------L----E-R-N------RA--A----  345
129245   357    VSSLEKKAE---ELT--SQNI-Q-----------L----S-N-E------VT--L----  380
106296   346                      RQR-F-----------L----E-R-N------RA--A----  356
106296   368    VSSLEKKAE---ELT--SQNI-Q-----------L----S-N-E------VT--L----  391
141664   335                      RQR-F-----------L----E-R-N------RA--A----  345
141664   357    VSSLEKKAE---ELT--SQNI-Q-----------L----S-N-E------VT--L----  380
76399    391                EIM--ACPS-G-----------C----I-N-G------GA--Q----  405
31654    547       LEEKGK---QIL--MKDG-L-----------L----D-I-E------VA--N----  567
135132   569                ELE--SYAY-S-----------L----K-N-Q------IG--D----  583
69303    404     RQLQDDFA---QLL--QERE-Q-----------L----E-R-R------CA--T----  426
68186    1282         KIE---EL---EKQI-D-----------V----A-R-D------VA--E----  1298
133953   258         DTQE---RIK--AERK-R-----------L----R-N-R------IAASK----  278
50935    258         DTQE---RIK--AERK-R-----------L----R-N-R------IAASK----  278
32244    297        EDRAE---YLG--AAQQ-H----------------R-R-K------VA--S----  315
73720    215                ELL--NGNS-P-----------L----ESN-I------ID--K----  230
8151     639   RQLEFERQKE---IEH--QKEI-E-----------R----Q-K-E------IE--R----  663
95443    356    LKEKEDTVK---QRT--SEVQ-D-----------L----Q-D-E------VQ--RESIN  383
14069    569   RLSNLEDVLR---KLT--EKSE-A-----------I----Q-K-E------LE--E----  593
29440    596     KALEEKGR---QIL--MKDN-L-----------I----D-E-E------LA--R----  618
44913    188   RRKVLDNELT---ETL--SAQL-E-----------L----D-K-A------AQ--D----  212
122931   403     RQLQDDFA---QLL--QERE-Q-----------L----E-R-R------CA--T----  425
57951    19                  LQ--GQQH-H-----------L----V-E-Y------ME--R----  32
62104    1674  RAKSLGEFIK---ELA--RDAE-A-----------V----N-E-K------AI--K----  1698
114616   554   RLKERIDTRN---ELE--SYAY-S-----------L----K-N-Q------IG--D----  578
73686    275                ELT--DRSS-T-----------L----E-N-E------IS--E----  289
17235    15                 EIL--KRRF-V-----------R----Q-NRE------IA--R----  30
71667    1765                                              E------AE--N----  1768
25100    386                          H-----------L----E-N-K------VE--R----  393
12362    766          RIE---EEL--SKLS-K-----------V----E-D-E------LL--K----  783
50197    27                       KQYEQ-----------L----E-S-E------LA--D----  38
71991    647        EDQ-D---AVL--NKKK-E-----------S----Q-H-N------ID--I----  665
25976    192       LDNELT---ETI--SAQL-E-----------L----D-K-A------AQ--D----  212
136199   400     RQLQDDFA---QLL--QERE-Q-----------L----E-R-R------CA--A----  422
75210    811    LKSLSDAYN---SLE--QANY-H-----------L----E-Q-E------VK--S----  834
65596    422     RALESSLW---ELQ--SLQN-H-----------Y----H-P-D------VA--Q----  444
60706    166   RMKELESKLG---ALE--VKEL-D-----------E----K-N-K------KF--R----  190
107042   81                                                D------LC--R----  84
141779   81                                                D------LC--R----  84
58124    582        EEKLR---EIF--TKKY-F-----------L----E-N-K------IG--T----  601

Query_1  26    ----------L---KK-L----------VG--------------E------------R--  33
76006    244   ----------A---RK-L--------------------------Q------------R--  249
76006    274   ----------L---KK-L----------VG--------------E------------R    281
1602     130   ----------L---KA-A----------VG--------------ELPEKSKQQEIYQE--  149
1602     176   ----------L---KA-A----------VG--------------ELPEKSKQQEIYQE--  195
107415   176   ----------L---KA-A----------VG--------------E---------------  182
107415   130   ----------L---KA-A----------VG--------------ELPEKSKMQEIYQE--  149
107415   199   ----------L---KA-A----------VG--------------ELPEKSKQQEIYQE--  218
90850    979   ----------L---KL-L----------ITMV------------E------------S--  988
51534    1729  ----------L---LA-Q----------AN--------------S------------K--  1736
51534    1672  ----------I---EK-V----------VY--------------S------------V--  1679
42590    107   ----------L---KA-A----------VG--------------E---------------  113
82200    107   ----------R---KH-A----------RG--------------M------------Y--  114
1584     176   ----------L---KA-A----------VG--------------E---------------  182
1584     130   ----------L---KA-A----------VG--------------ELPEKSKLQEIYQE--  149
1584     199   ----------L---KA-A----------VG--------------E---------------  205
140449   107   ----------L---KA-A----------VG--------------E---------------  113
35153    122   ----------K---KS-S----------LQ--------------T------------S--  129
35153    154   ----------A---KMVL----------MN--------------E------------L--  162
98101    599   ----------M---AR-L----------TA--------------D------------Q--  606
98101    637   ----------L---AK-F----------TA--------------E------------H--  644
107165   216   ----------E---KR-R----------SA--------------E------------M--  223
107165   181   ----------L---SG-K----------VL--------------E------------E--  188
23477    122   ----------K---KS-S----------LQ--------------T------------S--  129
23477    154   ----------A---KMVL----------MN--------------E------------L--  162
37822    4     ----------L---NE-Q----------AM--------------S------------S--  11
37822    36    ----------V---NS-T----------QS--------------L------------R--  43
100531   804   ----------L---EL-I----------QG--------------E------------P--  811
62095    366   ----------K---GQ-L----------VQKESMDTINHASQLVE------------Q--  387
77874    713   ----------T---EK-R----------VD--------------E------------L--  720
88431    181   ----------L---SS-K----------VI--------------E------------E--  188
35165    653   ----------Y---RQ-I----------VR--------------S------------R--  660
140276   181   ----------L---SG-K----------VI--------------E------------E--  188
76379    37    ----------F---RD-S----------SR--------------E------------L--  44
107161   181   ----------L---SG-K----------VL--------------D------------E--  188
139109   181   ----------L---SG-K----------VI--------------E------------E--  188
118070   181   ----------L---SG-K----------VI--------------E------------E--  188
89226    584   ----------K---EK-L----------GGKLDE----------D------------D--  595
68225    737                 RK-D----------VS--------------Q------------K--  743
13624    375   ----------C---KK-G----------VE--------------E------------E--  382
13624    415   ----------L---KK-G----------TG--------------E------------R--  422
22876    174                               AG--------------A------------R--  177
54818    1695  ----------L---NE-T----------LG--------------N------------Q--  1702
127238   425   ----------L---ER-E----------QR--------------E------------L--  432
58494    603   ----------LISEKE-L----------VY--------------E------------E--  613
58494    572                 KN-I----------AC--------------E------------L--  578
129245   321                                G--------------R------------R--  323
129245   346   ----------A---SR-C----------RQ--------------K------------RKL  355
129245   381   ----------L---RN-E----------VA--------------Q---------------  387
106296   332                                G--------------R------------R--  334
106296   357   ----------A---SR-C----------RQ--------------K------------RKL  366
106296   392   ----------L---RN-E----------VA--------------Q---------------  398
141664   321                                G--------------R------------R--  323
141664   346   ----------A---SR-C----------RQ--------------K------------RKL  355
141664   381   ----------L---RN-E----------VA--------------Q---------------  387
76399    406   ----------V---RP-I----------SG--------------Q------------H--  413
31654    568   ----------L------------------G--------------S------------D--  571
135132   584   ----------K---EK-L----------GGKLDE----------D------------D--  595
69303    427   ----------F---ER-E----------QR--------------E------------L--  434
68186    1299  ----------D---TK-S----------LG--------------K------------E--  1306
133953   279   ----------C---RK-R----------KL--------------E------------R--  286
50935    279   ----------C---RK-R----------KL--------------E------------R--  286
32244    316   ----------L---SK-L----------IG--------------Q------------R--  323
73720    231   ----------V---SN-I----------QN--------------N------------L--  238
8151     664   ----------L---KE-------------E--------------N------------R--  669
95443    384   LQKLQAQKQQV---QE-L----------LG--------------ELDE---------Q--  404
14069    594   ----------T---KL-K----------AG--------------S------------R--  601
14069    569                                                            R--  569
29440    593                                               E------------A--  594
29440    619   ----------------------------AG--------------A------------D--  622
44913    213   ----------F---RK-I----------HN--------------E------------RQE  222
122931   426   ----------F---ER-E----------QQ--------------E------------L--  433
57951    33    ----------R---LA-A----------LE--------------E------------R--  40
62104    1699  ----------L---NE-T----------LG--------------T------------RDE  1708
114616   579   ----------K---EK-L----------GGKLSS----------E------------D--  590
73686    290   ----------M---EK-L----------IG--------------N------------G--  297
17235    31    ----------V---NS-I----------QS--------------L------------R--  38
71667    1769  ----------L---AK-H----------VE--------------D------------K--  1776
25100    394   ----------L---VI-E----------NA--------------V------------R--  401
12362    784   ----------I---KN-LTSKSWFEPLSIK--------------K------------R--  801
50197    39    ----------F---QA-S----------SR--------------E------------L--  46
71991    666   ----------I---EK-L------------------------------------------  669
25976    213   ----------F---RK-I----------HN--------------E------------RQE  222
136199   423   ----------F---ER-E----------QR--------------E------------L--  430
75210    835   ----------L---KG-------------G--------------E------------S--  840
65596    445   ----------A---AA-I----------LN--------------Q------------S--  452
60706    191   ----------A---EE-E----------MR--------------E------------K--  198
107042   85    ----------I---RE-S----------VS--------------E------------E--  92
141779   85    ----------I---RE-S----------VS--------------E------------E--  92
58124    602   ----------D---RR-L----------LV--------------N------------R--  609

Query_1  34    ---------MK---Q--------LE---D--------------KVE-----------ELL  45
76006    250   ---------MK---Q--------LE---D--------------KVE-----------ELL  261
1602     150   ---------LS---Q--------LK---A--------------AVG-----------ELP  161
1602     196   ---------LS---Q--------LK---A--------------AVG-----------ELP  207
107415   183   -----------------------LP---E--------------K----------------  186
107415   150   ---------LT---R--------LK---A--------------AVG-----------ELP  161
107415   219   ---------LT---Q--------LK---A--------------AVG-----------ELP  230
90850    989   ---------IY---W--------IH---D-------------------------------  994
51534    1737  ---------LQ---L--------LE---D--------------LER-----------KYE  1748
51534    1680  ---------KQ---N--------AD---DVKKTLDGELDEKYKKVE-----------SLI  1705
42590    114   -----------------------LP---E--------------K----------------  117
82200    115   ---------GQ---D--------LE---DGEIVR---------EIE-----------RLK  131
1584     183   -----------------------LP---E--------------K----------------  186
1584     150   ---------LT---W--------LK---A--------------AVG-----------ELP  161
1584     206   -----------------------LP---E--------------K----------------  209
140449   114   -----------------------LP---E--------------K----------------  117
35153    130   ---------AK---Q--------IE---D--------------RIF-----------EVK  141
35153    101                                               VE-----------EVL  105
35153    163   ---------NK---Q--------AN---G--------------LIE-----------E--  172
98101    607   ---------LG---L--------KQ---E--------------KAA-----------ELL  618
98101    645   ---------LG---L--------SQ---D--------------KAA-----------EVL  656
107165   224   ---------EA---Q--------ME---K--------------QLS-----------EFD  235
107165   189   ---------AQ---K--------LEEVMA--------------KLE-----------EEK  203
23477    130   ---------AK---Q--------IE---D--------------RIF-----------EVK  141
23477    163   ---------NK---Q--------AN---G--------------LIE-----------E--  172
37822    12    ---------VA---L--------ST---D--------------NLE-----------LLR  23
37822    44    ---------IR---G--------LE---N--------------ECA-----------RLL  55
100531   812   ---------LN---K-------------D--------------KIE-----------ELK  821
62095    388   ---------AH---D--------MR---D--------------KIQ-----------EIN  399
77874    721   ---------MK---K--------LQ---E--------------KDE-----------ECQ  732
88431    189   ---------AQ---K--------LEEVMA--------------KLE-----------EEK  203
35165    661   ---------TQ---K--------LE---E--------------EYA-----------AKL  672
140276   189   ---------AQ---K--------LE---DVMA-----------KLE-----------EEK  203
76379    45    ---------EQ---E--------LE---K--------------DIE-----------RAE  56
107161   189   ---------AQ---K--------LE---DVLA-----------RLE-----------EEK  203
139109   189   ---------AQ---K--------LE---DVMA-----------KLE-----------EEK  203
118070   189   ---------AQ---K--------LE---DVMA-----------KLE-----------EEK  203
89226    596   ---------KK---T--------IE---E--------------AVE-----------EAI  607
68225    744   ---------IK---D--------ID---D--------------QIQ-----------QLL  755
13624    383   ---------FE---KKFEKIKEDYD---E--------------LYE-----------KLK  402
13624    423   ---------NK---E--------FT---E--------------TIA-----------TLR  434
22876    178   ---------LR---E--------ME---S--------------TWV-----------SLV  189
54818    1703  ---------DK---T--------AE---R--------------NLEELQKEIDRMLKELR  1725
127238   433   ---------GP---R--------LE---E--------------TKW-----------EVC  444
58494    614   ---------LK---S--------TQ---E--------------KMQ-----------QEM  625
58494    579   ---------EK---Q--------LS---R--------------TTE-----------EFA  590
129245   324   ---------RR---T--------VD---E--------------DPD-----------E--  333
129245   356   W--------VS---S--------LE---K--------------KAE-----------ELT  368
129245   388   ---------LK---Q--------L                                      391
106296   335   ---------RR---T--------VD---E--------------DPD-----------E--  344
106296   367   W--------VS---S--------LE---K--------------KAE-----------ELT  379
106296   399   ---------LK---Q--------L                                      402
141664   324   ---------RR---T--------VD---E--------------DPD-----------E--  333
141664   356   W--------VS---S--------LE---K--------------KAE-----------ELT  368
141664   388   ---------LK---Q--------L                                      391
76399    414   ---------VR---E--------LT---Q--------------KLE-----------ELY  425
31654    572   ---------PK---D--------LE---E--------------KVA-----------YME  583
135132   596   ---------KK---T--------IE---E--------------AVD-----------EAI  607
69303    435   ---------GP---R--------LE---E--------------TKW-----------EVC  446
68186    1307  ---------LQ---NKINEKNL-AE---Q--------------KVE-----------ELQ  1325
133953   287   ---------IS---R--------LE---E--------------KVK-----------TLK  298
50935    287   ---------IS---R--------LE---E--------------KVK-----------TLK  298
32244    324   ---------KKLLDQ--------LQ---E--------------KAS-----------ELQ  338
73720    239   ---------NK---K--------MN---S--------------KIE-----------KLD  250
8151     670   ---------LK---E--------IE---H--------------QRE-----------IHR  681
95443    405   ---------KA---Q--------LE---E--------------QLQ-----------EVR  416
14069    602   ----------------------------D--------------EEQ-----------PLL  608
14069    570   ---------LS---N--------LE---D--------------VLR-----------KLT  581
29440    595   ---------KK---A--------LE---E--------------KGR-----------QIL  606
29440    623   ---------PK---D--------LE---E--------------KVE-----------QLG  634
44913    223   L--------IK---Q--------WE---N--------------TIE-----------QMR  235
122931   434   ---------GP---R--------LE---E--------------TKW-----------EVC  445
57951    41    ---------LA---Q--------CQ---D--------------QSS-----------RLA  52
62104    1709  AFERNLEGLQK---E--------ID---Q--------------MIK-----------ELR  1729
114616   591   ---------KE---T--------ME---K--------------AVE-----------EKI  602
73686    298   ---------TD---K--------FK---D--------------ATE-----------ILN  309
73686    275                                                            ELT  277
17235    39    ---------IR---S--------LE---S--------------EVS-----------NLL  50
71667    1777  ---------MK---E--------IE---D--------------LEE-----------KIL  1788
25100    402   ---------TL---M--------TS---S--------------EGE-----------EIR  413
12362    802   ---------RI---L--------LE---D--------------KLK-----------DHV  813
50197    47    ---------EA---E--------LE---K--------------EIE-----------ASE  58
71991    670   ---------KS---Q--------IK---D--------------VQA-----------SLN  681
25976    223   L--------IK---Q--------WE---N--------------TIE-----------QMQ  235
136199   431   ---------GP---R--------LE---E--------------TKW-----------EVC  442
75210    841   ---------PM---Q--------FP---DIE------------AIK-----------EEV  854
65596    453   ---------LS---E--------IE---D--------------DIS-----------GLL  464
60706    199   ---------ID---N--------KE---K--------------EVH-----------DLK  210
107042   93    ---------LL---Q--------LE---A--------------KRQ-----------ELN  104
141779   93    ---------LL---Q--------LE---A--------------KRQ-----------ELN  104
58124    610   ---------KR---Q--------LK                                     614
58124    582                           E---E--------------KLR-----------EIF  589

Query_1  46    ---S-K--QY-------H-----------L----E---N---E------VA---------  56
76006    262   ---S-K--NY-------H-----------L----E---N---E------VA---------  272
76006    242                                                     S---------  242
1602     162   EK-S-K--QQ-------E-----------I----Y---Q---E------LT---------  174
1602     208   EK-S-K--QQ-------E-----------I----Y---Q---E------LS---------  220
107415   187   ---S-K--QQ-------E-----------I----Y---Q---E------LT---------  197
107415   162   EK-S-K--MQ-------E-----------I----Y---Q---E------LT---------  174
107415   231   EK-S-K--QQ-------E-----------I----Y---Q---E------LT---------  243
90850    995   ---------Y-------F-----------Y----E---S---R------VG---------  1002
51534    1749  ---D-N--QK-------Y-----------L----E---D---K------AQ---------  1759
51534    1706  ---A-Q--KT-------EESADARRKAELL----Q---N---E------AK---------  1727
42590    118   ---S-K--QQ-------E-----------I----Y---E---E------LT---------  128
82200    132   ---E-E--QR-------E-----------L----E---A---E------IQ---------  142
1584     187   ---S-K--QQ-------E-----------I----Y---Q---E------LT---------  197
1584     162   EK-S-K--MQ-------E-----------I----Y---Q---E------LT---------  174
1584     210   ---S-K--QQ-------E-----------I----Y---Q---E------LT---------  220
140449   118   ---S-K--QQ-------E-----------I----Y---E---E------LT---------  128
35153    142   ---H-Q--HR-------K-----------V----E---N---Q------IK---------  152
35153    106   ---Q-N--QR-------M-----------LLESVT---S---Q------VA---------  120
35153          ------------------------------------------------------------  
98101    619   ---S-H--TS-------H-----------F----L---S---DPKAMESLY---------  635
98101    657   ---A-Q--AP-------H-----------L----H---A---D------AA---------  667
107165   236   ---T-E--RE-------Q-----------L----R---A---K------LH---------  246
107165   204   ---K-K--TS-------A-----------L----E---E---E------LA---------  214
23477    142   ---H-Q--HR-------K-----------V----E---N---Q------IK---------  152
23477          ------------------------------------------------------------  
37822    24    ---R-K--FL-------R-----------Q----N---R---D------IA---------  34
37822    56    ---S-E--NL-------E-----------L----R---G---Q------VL---------  66
100531   822   ---K-N--R-------------------------E---E---Q------VQ---------  829
62095    400   ---N-K--ML-------Y-----------Y----G---E---E------HE---------  410
77874    733   ---S-L--KQ-------E-----------N----KIKCD---E------VE---------  746
88431    204   ---K-K--TS-------A-----------L----E---E---E------LS---------  214
35165    673   ---A-K--VC-------F-----------Q----E---T---E------EK---------  683
140276   204   ---K-K--TN-------E-----------L----E---E---E------LS---------  214
76379    57    ---K-Q--ER-------H-----------H----Q---E---K------AE---------  67
107161   204   ---K-K--TG-------T-----------L----E---E---Q------LS---------  214
139109   204   ---K-K--TN-------E-----------L----E---E---E------LS---------  214
118070   204   ---K-K--TN-------E-----------L----E---E---E------LS---------  214
89226    608   ---S-----W-------L-----------G----S---N---A------EA---------  616
68225    756   ---L-K--QR-------H-----------L----L---S---K------MA---------  766
13624    403   ---R-D--QR-------D-----------L----E---R---D------QK---------  413
13624    435   ---D-K--LR-------A-----------S----E---T---K------NA---------  445
22876    190   ---S-K--NYEIERAIVQ-----------M----E---N---E------VY---------  207
54818    1726  ---S-K--DL-------Q-----------T----Q---K---E------VAEDELVAAEG  1745
127238   445   ---Q-K--S-----------------------------G---E------IS---------  451
58494    626   ---R-H--RQ-------G-----------L----E---D---E------IL---------  636
58494    591   ---S-Q--IS-------S-----------L----E---E---R------IA---------  601
129245   334   ---R-R--QR-------F-----------L----E---R---N------RA---------  344
129245   369   ---S-Q--NI-------Q-----------L----S---N---E------VT---------  379
106296   345   ---R-R--QR-------F-----------L----E---R---N------RA---------  355
106296   380   ---S-Q--NI-------Q-----------L----S---N---E------VT---------  390
141664   334   ---R-R--QR-------F-----------L----E---R---N------RA---------  344
141664   369   ---S-Q--NI-------Q-----------L----S---N---E------VT---------  379
76399    426   ---T-K--LP-------R-----------S----Q---P---D------NI---------  436
31654    584   ---G-S--MD-------R-----------L----Q---T---K------FA---------  594
135132   608   ---S-----W-------L-----------G----S---N---A------DA---------  616
69303    447   ---Q-K--S-----------------------------G---E------IS---------  453
68186    1326  ---S-Q--SF-------T-----------K----N---K---E------VD---------  1336
133953   299   ---S-Q--N-----------------------------T---E------LA---------  305
50935    299   ---S-Q--N-----------------------------T---E------LA---------  305
32244    339   ---S                                                          339
73720    251   ---R-K--MS-------Y-----------I----I---D---S------VA---------  261
8151     682   ---Q-K--EL-------E-----------I----Q---R---E------IE---------  692
95443    417   ---K-K--CA-------E-----------E----A---Q---L------IS---------  427
14069    609   ---D-R--VQ-------H-----------L----E---L---E------LN---------  619
14069    582   ---E-K--SE-------A-----------I----Q---K---E------LE---------  592
29440    607   ---M-K--DN-------L-----------I----D---E---E------LA---------  617
29440    635   ---S-S--LD-------T-----------L----Q---T---R------FA---------  645
44913    236   ---K-R--DR-------D-----------I----D---NGALA------LA---------  249
122931   446   ---Q-K--S-----------------------------G---E------IS---------  452
57951    53    ---A-E--LR-------D-----------F----K---N---K------ML---------  63
62104    1730  ---R-K--NL-------E-----------T----Q---K---E------IAEDELVAAEA  1749
114616   603   ---EWL--ES-------H-----------Q----D---A---D------IE---------  614
73686    310   ---N-Q--NL-------K-----------F----E                           316
73686    278   ---D-R--SS-------T-----------L----E---N---E------IS---------  288
17235    51    ---S-E--NV-------S-----------L----R---E---Q------II---------  61
71667    1789  LSNE-R--KD-------E-----------M----R---K---E------LE---------  1802
25100    414   ---K-R--IM-------P-----------M----K---E---T------VE---------  424
12362    814   ---A-K--IE-------H-----------R----E---N---I------LK---------  824
50197    59    ---K-R--ER-------Q-----------L----K---E---K------VD---------  69
71991    682   ---S-K--G--------------------L----D---A---P------IE---------  690
25976    236   ---K-R--DG-------D-----------I----D---NCALE------LA---------  249
136199   443   ---Q-K--S-----------------------------G---E------IS---------  449
75210    855   ---R-KEAQK-------E-----------S----E---D---E------LN---------  867
60706    211   ---E-K--IK-------S-----------L----E---S---D------VA---------  221
107042   105   ---S-E--IA-------K-----------L----N---L---K------IE---------  115
141779   105   ---S-E--IA-------K-----------L----N---L---K------IE---------  115
58124    590   ---T-K--KY-------F-----------L----E---N---K------IG---------  600

Query_1  57    ---R----L-------K---K-------LVG--E------------R---MK---QL-ED  71
76006    273   ---R----L-------K---K-------LVG--E------------R               281
76006    243   ---R----A-------R---K-------L----Q------------R---MK---QL-ED  255
1602     175   ---R----L-------K---A-------AVG--ELPEKSKQQEIYQE---LS---QL-KA  201
1602     221   ---Q----L-------K---A-------AVG--E----------------------L-PE  231
107415   198   ---R----L-------K---A-------AVG--ELPEKSKQQEIYQE---LT---QL-KA  224
107415   175   ---R----L-------K---A-------AVG--E----------------------L-PE  185
107415   244   ---R----L-------K---A-------AVG--E----------------------L-PE  254
90850    1003  ---E----C-------E---K-------LIN--N------------K---LS---QL-QN  1017
51534    1760  ---E----L-------V---R-------LEG--E------------V---RS---LL-KD  1774
51534    1728  ---T----L-------L---A-------QAN--S------------K---LQ---LL-ED  1742
42590    129   ---R----L-------R---A-------AVG--ELPEKSKLQEIYQE---LT---RL-KA  155
82200    143   ---R----M-------N---R-------------------------R---IE---AT-EK  153
1584     198   ---R----L-------K---A-------AVG--E----------------------L-PE  208
1584     175   ---R----L-------K---A-------AVG--E----------------------L-PE  185
1584     221   ---R----L-------K---A-------AVG--E----------------------L-PE  231
140449   129   ---R----L-------K---A-------AVG--E----------------------L-PE  139
35153    153   ---M----A-------K---MV------LMN--E------------L---NK---QA-NG  168
35153    121   ---H----K-------K---S-------SLQ--T------------S---AK---QI-ED  135
35153    173   --------L-------E---G-------ITN--E------------R---KR---KL-EQ  186
98101    636   ---P----L-------A---K-------FTA--E------------H---LG---LS-QD  650
98101    668   ---R                                                          668
107165   247   ---R----E-------E---A-------HTT--D----------------LK---EE-ID  260
107165   215   ---T----E-------K---R-------RSA--E------------M---EA---QM-EK  229
23477    153   ---M----A-------K---MV------LMN--E------------L---NK---QA-NG  168
23477    173   --------L-------E---G-------ITN--E------------R---KR---KL-EQ  186
37822    35    ---R----V-------N---S-------TQS--L------------R---IR---GL-EN  49
37822    67    ---R----LE------K---E-------LQD--N------------A---AR---RV-AD  82
100531   830   ---K----K-------K---K-------ILK--E------------L---QKVERQL-QM  847
62095    411   ---L----S-------P---K-------EIS--E------------K---LV---LA-QK  425
77874    747   ---N----L-------T---KKLE----LSD--N------------H---NK---EL-EA  764
88431    215   ---A----E-------K---R-------RST--E------------M---EA---QM-EK  229
35165    684   ---R----R-------K---K-------L----E------------E---LK---ML-EN  696
140276   215   ---T----E-------K---R-------RST--E------------M---EA---QM-EK  229
76379    68    ---T----L-------G---F-------EVE--E------------W---KR---KY-RE  82
107161   215   ---A----E-------K---R-------KST--E------------M---EA---QM-EK  229
139109   215   ---A----E-------K---R-------RST--E------------M---EA---QM-EK  229
118070   215   ---A----E-------K---R-------RST--E------------M---EA---QM-EK  229
89226    617   ---S----A-------E---E-------LK---E------------Q---KK---DL-ES  630
68225    767   ---------------------------------S------------S---MK---SL-KN  774
13624    414   ---I----L-------K---K-------GTG--E------------R---NK---EF-TE  428
13624    446   ---Q----Y-------RQDIR-------VRD--E------------K---LK---KK-DE  463
22876    208   ---Q----L-------K---E-------RSG--E------------N---KE---NI-ED  222
54818    1746  LLKR----V-------N---K-------LFG--E------------P---RA---QN-ED  1763
127238   452   ---L----L-------K---Q-------QLK--E------------S---QA---EL-VQ  466
58494    637   ---R----L-------K---Q-------SLA--D------------N---CS---E      648
58494    602   ---D----LISE----K---E-------LVY--E------------E---LK---ST-QE  619
129245   345   ---A----A-------S---R-------CRQ--K------------RKLWVS---SL-EK  362
129245   380   ---L----L-------R---N-------EVA--Q----------------LK---QL     391
106296   356   ---A----A-------S---R-------CRQ--K------------RKLWVS---SL-EK  373
106296   391   ---L----L-------R---N-------EVA--Q----------------LK---QL     402
141664   345   ---A----A-------S---R-------CRQ--K------------RKLWVS---SL-EK  362
141664   380   ---L----L-------R---N-------EVA--Q----------------LK---QL     391
76399    437   ---G----T-------K---K-------LYD--D------------F---FD---GFGTD  452
31654    595   ---R----LLAEYDAAQ---Q-------KLK--K------------R---LT---QI-EK  616
135132   617   ---S----A-------E---E-------LK---E------------Q---KK---EL-EG  630
69303    454   ---L----L-------K---Q-------QLK--E------------S---QA---EL-VQ  468
68186    1337  ---L----L-------R---K-------KAQ--K------------A---IL---KQ-AD  1351
133953   306   ---S----T-------A---S-------LLR--E------------Q---VA---QL-KQ  320
50935    306   ---S----T-------A---S-------LLR--E------------Q---VA---QL-KQ  320
73720    262   ---R----L-------E---W-------LLD--K------------A---VK---KQ-EG  276
8151     693   ---L----Q-------K---E-------I----E------------R---IN---QE-EK  705
95443    428   ---S----L-------K---A-------EIT--S------------Q---ES---QI-SS  442
14069    620   ---L----L-------K                                             622
14069    593   ---E----T-------K---L-------KAG--S------------R------------D  602
29440    618   ---R-------------------------AG--A------------D---PK---DL-EE  628
29440    646   ---R----L                                                     647
44913    250   ---R----I-------K---QELREKENLVK--E------------K---IK---FL-ES  271
122931   453   ---L----L-------K---Q-------QLK--E------------S---QA---EL-VQ  467
57951    64    ---P----L-------L---E-------VAE--K------------E---RE---TL-RT  78
62104    1750  LLKK----V-------K---K-------LFG--E------------S---RG---EN-EE  1767
114616   615   ---D----F-------K---A-------------------------K---KK---EL-EE  625
73686    289   ---E----M-------E---K-------LIG--N------------G---TD---KF-KD  303
17235    62    ---T----L-------T---Q-------ELERFE------------A---AR---TL-HD  78
71667    1803  ---A----L-------Q---K-------EAD--D------------L---KK---FI-VD  1817
25100    425   ---Q----C-------L---K-------LGG--S------------S---FR---NL-EN  439
12362    825   ---KHSLFQ-------K---F-------LRE--E------------Q---MI---QM-E   842
50197    70    ---N----L-------R---Y-------EVE--E------------W---KS---KY-KQ  84
71991    691   ---E----K-------K---Q-------LLG--V------------L---NS---LT-RD  705
25976    250   ---R----I-------K---QETREKENLVK--E------------K---IK---FL-ES  271
136199   450   ---L----L-------K---Q-------QLK--E------------S---QS---EL-VQ  464
75210    868   ---D----L-------L---V-------CLG------------------------QE-ES  878
60706    222   ---KGKTEL-------Q---K-------WIT--E------------K---M----VV-ED  239
107042   116   ---A----C-------K---K-------SI---E------------N---AK---QD-LL  129
141779   116   ---A----C-------K---K-------SI---E------------N---AK---QD-LL  129
58124    601   ---T----D-------R---R-------LLV--N------------R---KR---QL-K   614

Query_1  72    K----VEEL--L--SK---Q---Y-HLENEVARLKKLVGE  96
76006    256   K----VEEL--L--SK---N---Y-HLENEVARLKKLVGE  280
1602     202   A----VGEL--PEKSK---Q---Q-EIYQELSQLKAAVGE  228
1602     232   K-------------SK---Q---Q-EIYQELTQLKAAVGE  251
107415   225   A----VGEL--PEKSK---Q---Q-EIYQELTRLKAAVGE  251
107415   186   K-------------SK---Q---Q-EIYQELTRLKAAVGE  205
107415   255   K-------------SK---Q---Q-EIYQELTQLKAAV    272
90850    1018  K----LE                                   1020
51534    1775  I----SEKV                                 1779
51534    1743  L----ERKY--E--DN---Q---K-YLEDKAQELVRLEGE  1767
42590    156   A----VGEL--PEKSK---Q---Q-EIYQELSRLKAAVGD  182
82200    154   R----PEQM--M--AF---L---Y-KVVEDPDLLPRMMLE  178
1584     209   K-------------SK---Q---Q-EIYQELTRLKAAVGE  228
1584     186   K-------------SK---Q---Q-EIYQELTRLKAAVGE  205
1584     232   K-------------SK---Q---Q-EIYQELTQLKAAV    249
140449   140   K-------------SK---L---Q-EIYQELTRLKAAVGE  159
35153    169   L----IEEL                                 173
35153    136   R----IFEV--K--HQ---H---R-KVENQI-KMAKMV    157
35153    187   Q----LQSIMVL--NR---Q---FEHVQN             203
98101    651   K----AAEV--L--AQ---A---P-HLHADAAR         668
107165   261   K----MKKM--I--EQ                          268
107165   230   Q----LSEF--D--TE---R---E-QLRAKLHR         247
23477    169   L----IEEL                                 173
23477    187   Q----LQSIMVL--NR---Q---FEHVQN             203
37822    50    E----CARL--L--SE---N---L-ELRGQVLRLEK      70
37822    83    H----ALEV--K--AK----------METQLAELSSLLA   103
100531   848   K----TQQQ--F--TK---E---Y                  857
62095    426   M----LEEI--R--SR---Q                      434
77874    765   K----ITEY--T--QK---A---T-SKTKEIADLNKTV    787
88431    230   Q----LSEF--D--TE---R---E-QLRAKLHR         247
35165    697   S----HYDY--L--KM---K---M-RMQTDIQGL        715
140276   230   Q----LSEF--D--TE---R---E-QLRAKLNR         247
76379    83    S----KTEA--S--AS---Q---N-ALEKEITTLR       102
107161   230   Q----LSEF--D--TE---R---E-QLRAKLHR         247
139109   230   Q----LSEF--D--TE---R---E-QLRAKLNR         247
118070   230   Q----LSEF--D--TE---R---E-QLRAKLNR         247
89226    631   K----VQPI--V--SK---L---Y                  640
68225    775   C----QKEL--I--STQILQ---F-EAQNMDVSMNDVIG   801
13624    429   T----IATL--R--DK---L---R-ASETKNAQYRQ      449
13624    464   E----IEKL--Q--KD---G---N-RLKSTLQTLEKRVKQ  488
54818    1764  M----EKDL--Q--QK---L---A-EYKNKL           1779
127238   467   K----GSEL--V--AL---R---V-ALREARATLR       486
58494    620   K----MQQE--M--RH---R---Q-GLEDEILRLKQ      640
129245   363   K----AEEL--T--SQ---N---I-QLSNEVTLLRNEVAQ  387
106296   374   K----AEEL--T--SQ---N---I-QLSNEVTLLRNEVAQ  398
141664   363   K----AEEL--T--SQ---N---I-QLSNEVTLLRNEVAQ  387
76399    453   K----SHNL--L--HT---S---Y-H                463
31654    617   I----LKPV--M--EQ---E---F                  626
135132   631   K----VQPI--V--SK---L---Y                  640
69303    469   K----GSEL--V--AL---R---V-ALREARATLR       488
68186    1352  V----VCAT--L--SG---S---G-H                1362
133953   321   K----V                                    322
50935    321   K----V                                    322
73720    277   K----YKE                                  280
8151     706   KRKQYEQEL--L--SK---Q---I-ELEKEKER         727
95443    443   Y----EEEL--L--KA---REELS-RLQQETAQLEESV    468
14069    603   E----EQPL--L--DR---V---Q-HLELELNLLK       622
29440    629   K----VEQL--G--SS---L---D-TLQTRFARL        647
44913    272   E----I                                    273
122931   468   K----GSEL--V--AL---R---V-ALREARAALR       487
57951    79    E----ADSI--S--GR---V---D-RLEREVDYLE       98
62104    1768  M----EKDL--R--EK---L---A-DYKNKV           1783
114616   626   I----VQPI--I--SK---L---Y                  635
73686    304   A----TEIL--N--NQ---N---L-KFE              316
17235    79    G----VYDV--K--AR----------LDSKLVELGNLITE  100
71667    1818  K----VQ                                   1820
25100    440   L----IAYI--L--S                           446
50197    85    S----KSEA--S--TA---Q---N-ALQKEITSLR       104
71991    706   K----VPNL--I--SN---I---Y-KVHNDIAKAK       725
25976    272   E----I                                    273
136199   465   K----GSEL--V--AL---R---V-ALREARAALR       484
75210    879   K----VEKL--S--AK---L---I-ELGVDVDKLLEDIGD  903
60706    240   S----LKDS--E--KK---V---V-ALESEIVELQK      260
107042   130   Q----LKNV--I--SQ---T---E-HSYKEL           145
141779   130   Q----LKNV--I--SQ---T---E-HSYKEL           145


Lambda      K        H        a         alpha
   0.310    0.130    0.326    0.792     4.96 

Gapped
Lambda      K        H        a         alpha    sigma
   0.267   0.0410    0.140     1.90     42.6     43.6 

Effective search space used: 1761810378


  Database: 90_ref
    Posted date:  Nov 11, 2022  10:32 AM
  Number of letters in database: 70,279,549
  Number of sequences in database:  142,201



Matrix: BLOSUM62
Gap Penalties: Existence: 11, Extension: 1
Neighboring words threshold: 11
Window for multiple hits: 40
